<?xml version="1.0" encoding="UTF-8"?>
<testsuite xmlns:xsi="http://www.w3.org/2001/XMLSchema-instance" xsi:noNamespaceSchemaLocation="https://maven.apache.org/surefire/maven-surefire-plugin/xsd/surefire-test-report.xsd" version="3.0.2" name="com.pk.phosphate.PhosphateApplicationTests" time="5.399" tests="1" errors="0" skipped="0" failures="0">
  <properties>
    <property name="java.specification.version" value="23"/>
    <property name="sun.jnu.encoding" value="UTF-8"/>
    <property name="java.class.path" value="/Users/pk/code/phosphate/target/test-classes:/Users/pk/code/phosphate/target/classes:/Users/pk/.m2/repository/org/springframework/ai/spring-ai-qdrant-store-spring-boot-starter/1.0.0-M5/spring-ai-qdrant-store-spring-boot-starter-1.0.0-M5.jar:/Users/pk/.m2/repository/org/springframework/boot/spring-boot-starter/3.4.2/spring-boot-starter-3.4.2.jar:/Users/pk/.m2/repository/org/springframework/boot/spring-boot-autoconfigure/3.4.2/spring-boot-autoconfigure-3.4.2.jar:/Users/pk/.m2/repository/org/springframework/boot/spring-boot-starter-logging/3.4.2/spring-boot-starter-logging-3.4.2.jar:/Users/pk/.m2/repository/ch/qos/logback/logback-classic/1.5.16/logback-classic-1.5.16.jar:/Users/pk/.m2/repository/ch/qos/logback/logback-core/1.5.16/logback-core-1.5.16.jar:/Users/pk/.m2/repository/org/apache/logging/log4j/log4j-to-slf4j/2.24.3/log4j-to-slf4j-2.24.3.jar:/Users/pk/.m2/repository/org/slf4j/jul-to-slf4j/2.0.16/jul-to-slf4j-2.0.16.jar:/Users/pk/.m2/repository/jakarta/annotation/jakarta.annotation-api/2.1.1/jakarta.annotation-api-2.1.1.jar:/Users/pk/.m2/repository/org/yaml/snakeyaml/2.3/snakeyaml-2.3.jar:/Users/pk/.m2/repository/org/springframework/ai/spring-ai-spring-boot-autoconfigure/1.0.0-M5/spring-ai-spring-boot-autoconfigure-1.0.0-M5.jar:/Users/pk/.m2/repository/org/springframework/ai/spring-ai-qdrant-store/1.0.0-M5/spring-ai-qdrant-store-1.0.0-M5.jar:/Users/pk/.m2/repository/io/qdrant/client/1.9.1/client-1.9.1.jar:/Users/pk/.m2/repository/io/grpc/grpc-protobuf/1.59.0/grpc-protobuf-1.59.0.jar:/Users/pk/.m2/repository/io/grpc/grpc-api/1.59.0/grpc-api-1.59.0.jar:/Users/pk/.m2/repository/com/google/api/grpc/proto-google-common-protos/2.22.0/proto-google-common-protos-2.22.0.jar:/Users/pk/.m2/repository/io/grpc/grpc-protobuf-lite/1.59.0/grpc-protobuf-lite-1.59.0.jar:/Users/pk/.m2/repository/io/grpc/grpc-services/1.59.0/grpc-services-1.59.0.jar:/Users/pk/.m2/repository/io/grpc/grpc-util/1.59.0/grpc-util-1.59.0.jar:/Users/pk/.m2/repository/org/codehaus/mojo/animal-sniffer-annotations/1.23/animal-sniffer-annotations-1.23.jar:/Users/pk/.m2/repository/io/grpc/grpc-stub/1.59.0/grpc-stub-1.59.0.jar:/Users/pk/.m2/repository/io/grpc/grpc-netty-shaded/1.59.0/grpc-netty-shaded-1.59.0.jar:/Users/pk/.m2/repository/io/perfmark/perfmark-api/0.26.0/perfmark-api-0.26.0.jar:/Users/pk/.m2/repository/io/grpc/grpc-core/1.59.0/grpc-core-1.59.0.jar:/Users/pk/.m2/repository/com/google/android/annotations/4.1.1.4/annotations-4.1.1.4.jar:/Users/pk/.m2/repository/io/grpc/grpc-context/1.59.0/grpc-context-1.59.0.jar:/Users/pk/.m2/repository/com/google/protobuf/protobuf-java-util/3.25.2/protobuf-java-util-3.25.2.jar:/Users/pk/.m2/repository/com/google/protobuf/protobuf-java/3.25.2/protobuf-java-3.25.2.jar:/Users/pk/.m2/repository/com/google/code/gson/gson/2.11.0/gson-2.11.0.jar:/Users/pk/.m2/repository/org/springframework/boot/spring-boot-docker-compose/3.4.2/spring-boot-docker-compose-3.4.2.jar:/Users/pk/.m2/repository/org/springframework/boot/spring-boot/3.4.2/spring-boot-3.4.2.jar:/Users/pk/.m2/repository/org/springframework/spring-context/6.2.2/spring-context-6.2.2.jar:/Users/pk/.m2/repository/com/fasterxml/jackson/core/jackson-databind/2.18.2/jackson-databind-2.18.2.jar:/Users/pk/.m2/repository/com/fasterxml/jackson/core/jackson-annotations/2.18.2/jackson-annotations-2.18.2.jar:/Users/pk/.m2/repository/com/fasterxml/jackson/core/jackson-core/2.18.2/jackson-core-2.18.2.jar:/Users/pk/.m2/repository/com/fasterxml/jackson/module/jackson-module-parameter-names/2.18.2/jackson-module-parameter-names-2.18.2.jar:/Users/pk/.m2/repository/org/springframework/boot/spring-boot-starter-web/3.4.2/spring-boot-starter-web-3.4.2.jar:/Users/pk/.m2/repository/org/springframework/boot/spring-boot-starter-json/3.4.2/spring-boot-starter-json-3.4.2.jar:/Users/pk/.m2/repository/com/fasterxml/jackson/datatype/jackson-datatype-jdk8/2.18.2/jackson-datatype-jdk8-2.18.2.jar:/Users/pk/.m2/repository/org/springframework/boot/spring-boot-starter-tomcat/3.4.2/spring-boot-starter-tomcat-3.4.2.jar:/Users/pk/.m2/repository/org/apache/tomcat/embed/tomcat-embed-core/10.1.34/tomcat-embed-core-10.1.34.jar:/Users/pk/.m2/repository/org/apache/tomcat/embed/tomcat-embed-el/10.1.34/tomcat-embed-el-10.1.34.jar:/Users/pk/.m2/repository/org/apache/tomcat/embed/tomcat-embed-websocket/10.1.34/tomcat-embed-websocket-10.1.34.jar:/Users/pk/.m2/repository/org/springframework/spring-web/6.2.2/spring-web-6.2.2.jar:/Users/pk/.m2/repository/org/springframework/spring-beans/6.2.2/spring-beans-6.2.2.jar:/Users/pk/.m2/repository/io/micrometer/micrometer-observation/1.14.3/micrometer-observation-1.14.3.jar:/Users/pk/.m2/repository/io/micrometer/micrometer-commons/1.14.3/micrometer-commons-1.14.3.jar:/Users/pk/.m2/repository/org/springframework/spring-webmvc/6.2.2/spring-webmvc-6.2.2.jar:/Users/pk/.m2/repository/org/springframework/spring-aop/6.2.2/spring-aop-6.2.2.jar:/Users/pk/.m2/repository/org/springframework/spring-expression/6.2.2/spring-expression-6.2.2.jar:/Users/pk/.m2/repository/org/springframework/ai/spring-ai-openai-spring-boot-starter/1.0.0-M5/spring-ai-openai-spring-boot-starter-1.0.0-M5.jar:/Users/pk/.m2/repository/org/springframework/ai/spring-ai-openai/1.0.0-M5/spring-ai-openai-1.0.0-M5.jar:/Users/pk/.m2/repository/org/springframework/ai/spring-ai-retry/1.0.0-M5/spring-ai-retry-1.0.0-M5.jar:/Users/pk/.m2/repository/org/springframework/retry/spring-retry/2.0.11/spring-retry-2.0.11.jar:/Users/pk/.m2/repository/org/springframework/spring-webflux/6.2.2/spring-webflux-6.2.2.jar:/Users/pk/.m2/repository/io/rest-assured/json-path/5.5.0/json-path-5.5.0.jar:/Users/pk/.m2/repository/org/apache/groovy/groovy-json/4.0.24/groovy-json-4.0.24.jar:/Users/pk/.m2/repository/org/apache/groovy/groovy/4.0.24/groovy-4.0.24.jar:/Users/pk/.m2/repository/io/rest-assured/rest-assured-common/5.5.0/rest-assured-common-5.5.0.jar:/Users/pk/.m2/repository/com/github/victools/jsonschema-generator/4.31.1/jsonschema-generator-4.31.1.jar:/Users/pk/.m2/repository/com/fasterxml/classmate/1.7.0/classmate-1.7.0.jar:/Users/pk/.m2/repository/com/github/victools/jsonschema-module-jackson/4.31.1/jsonschema-module-jackson-4.31.1.jar:/Users/pk/.m2/repository/org/springframework/spring-context-support/6.2.2/spring-context-support-6.2.2.jar:/Users/pk/.m2/repository/com/amazonaws/DynamoDBLocal/2.2.1/DynamoDBLocal-2.2.1.jar:/Users/pk/.m2/repository/org/antlr/antlr4-runtime/4.5/antlr4-runtime-4.5.jar:/Users/pk/.m2/repository/org/abego/treelayout/org.abego.treelayout.core/1.0.1/org.abego.treelayout.core-1.0.1.jar:/Users/pk/.m2/repository/commons-cli/commons-cli/1.2/commons-cli-1.2.jar:/Users/pk/.m2/repository/org/apache/commons/commons-lang3/3.17.0/commons-lang3-3.17.0.jar:/Users/pk/.m2/repository/com/almworks/sqlite4java/sqlite4java/1.0.392/sqlite4java-1.0.392.jar:/Users/pk/.m2/repository/com/fasterxml/jackson/datatype/jackson-datatype-jsr310/2.18.2/jackson-datatype-jsr310-2.18.2.jar:/Users/pk/.m2/repository/com/amazonaws/aws-java-sdk-core/1.12.587/aws-java-sdk-core-1.12.587.jar:/Users/pk/.m2/repository/commons-logging/commons-logging/1.1.3/commons-logging-1.1.3.jar:/Users/pk/.m2/repository/commons-codec/commons-codec/1.17.2/commons-codec-1.17.2.jar:/Users/pk/.m2/repository/org/apache/httpcomponents/httpclient/4.5.13/httpclient-4.5.13.jar:/Users/pk/.m2/repository/org/apache/httpcomponents/httpcore/4.4.16/httpcore-4.4.16.jar:/Users/pk/.m2/repository/software/amazon/ion/ion-java/1.0.2/ion-java-1.0.2.jar:/Users/pk/.m2/repository/com/fasterxml/jackson/dataformat/jackson-dataformat-cbor/2.18.2/jackson-dataformat-cbor-2.18.2.jar:/Users/pk/.m2/repository/joda-time/joda-time/2.8.1/joda-time-2.8.1.jar:/Users/pk/.m2/repository/com/amazonaws/aws-java-sdk-dynamodb/1.12.587/aws-java-sdk-dynamodb-1.12.587.jar:/Users/pk/.m2/repository/com/amazonaws/aws-java-sdk-s3/1.12.587/aws-java-sdk-s3-1.12.587.jar:/Users/pk/.m2/repository/com/amazonaws/aws-java-sdk-kms/1.12.587/aws-java-sdk-kms-1.12.587.jar:/Users/pk/.m2/repository/com/amazonaws/jmespath-java/1.12.587/jmespath-java-1.12.587.jar:/Users/pk/.m2/repository/software/amazon/awssdk/cognitoidentity/2.20.144/cognitoidentity-2.20.144.jar:/Users/pk/.m2/repository/software/amazon/awssdk/aws-json-protocol/2.20.144/aws-json-protocol-2.20.144.jar:/Users/pk/.m2/repository/software/amazon/awssdk/third-party-jackson-core/2.20.144/third-party-jackson-core-2.20.144.jar:/Users/pk/.m2/repository/software/amazon/awssdk/protocol-core/2.20.144/protocol-core-2.20.144.jar:/Users/pk/.m2/repository/software/amazon/awssdk/sdk-core/2.20.144/sdk-core-2.20.144.jar:/Users/pk/.m2/repository/software/amazon/awssdk/auth/2.20.144/auth-2.20.144.jar:/Users/pk/.m2/repository/software/amazon/eventstream/eventstream/1.0.1/eventstream-1.0.1.jar:/Users/pk/.m2/repository/software/amazon/awssdk/regions/2.20.144/regions-2.20.144.jar:/Users/pk/.m2/repository/software/amazon/awssdk/aws-core/2.20.144/aws-core-2.20.144.jar:/Users/pk/.m2/repository/software/amazon/awssdk/metrics-spi/2.20.144/metrics-spi-2.20.144.jar:/Users/pk/.m2/repository/software/amazon/awssdk/json-utils/2.20.144/json-utils-2.20.144.jar:/Users/pk/.m2/repository/software/amazon/awssdk/endpoints-spi/2.20.144/endpoints-spi-2.20.144.jar:/Users/pk/.m2/repository/software/amazon/awssdk/apache-client/2.20.144/apache-client-2.20.144.jar:/Users/pk/.m2/repository/software/amazon/awssdk/netty-nio-client/2.20.144/netty-nio-client-2.20.144.jar:/Users/pk/.m2/repository/io/netty/netty-codec-http/4.1.117.Final/netty-codec-http-4.1.117.Final.jar:/Users/pk/.m2/repository/io/netty/netty-codec-http2/4.1.117.Final/netty-codec-http2-4.1.117.Final.jar:/Users/pk/.m2/repository/io/netty/netty-codec/4.1.117.Final/netty-codec-4.1.117.Final.jar:/Users/pk/.m2/repository/io/netty/netty-transport/4.1.117.Final/netty-transport-4.1.117.Final.jar:/Users/pk/.m2/repository/io/netty/netty-common/4.1.117.Final/netty-common-4.1.117.Final.jar:/Users/pk/.m2/repository/io/netty/netty-buffer/4.1.117.Final/netty-buffer-4.1.117.Final.jar:/Users/pk/.m2/repository/io/netty/netty-handler/4.1.117.Final/netty-handler-4.1.117.Final.jar:/Users/pk/.m2/repository/io/netty/netty-transport-native-unix-common/4.1.117.Final/netty-transport-native-unix-common-4.1.117.Final.jar:/Users/pk/.m2/repository/io/netty/netty-transport-classes-epoll/4.1.117.Final/netty-transport-classes-epoll-4.1.117.Final.jar:/Users/pk/.m2/repository/io/netty/netty-resolver/4.1.117.Final/netty-resolver-4.1.117.Final.jar:/Users/pk/.m2/repository/software/amazon/awssdk/cognitoidentityprovider/2.20.144/cognitoidentityprovider-2.20.144.jar:/Users/pk/.m2/repository/software/amazon/awssdk/pinpoint/2.20.144/pinpoint-2.20.144.jar:/Users/pk/.m2/repository/software/amazon/awssdk/dynamodb/2.20.144/dynamodb-2.20.144.jar:/Users/pk/.m2/repository/software/amazon/awssdk/profiles/2.20.144/profiles-2.20.144.jar:/Users/pk/.m2/repository/software/amazon/awssdk/dynamodb-enhanced/2.20.144/dynamodb-enhanced-2.20.144.jar:/Users/pk/.m2/repository/org/apache/logging/log4j/log4j-api/2.24.3/log4j-api-2.24.3.jar:/Users/pk/.m2/repository/org/apache/logging/log4j/log4j-core/2.24.3/log4j-core-2.24.3.jar:/Users/pk/.m2/repository/org/eclipse/jetty/jetty-client/12.0.16/jetty-client-12.0.16.jar:/Users/pk/.m2/repository/org/eclipse/jetty/jetty-http/12.0.16/jetty-http-12.0.16.jar:/Users/pk/.m2/repository/org/eclipse/jetty/jetty-util/12.0.16/jetty-util-12.0.16.jar:/Users/pk/.m2/repository/org/eclipse/jetty/jetty-io/12.0.16/jetty-io-12.0.16.jar:/Users/pk/.m2/repository/org/slf4j/slf4j-api/2.0.16/slf4j-api-2.0.16.jar:/Users/pk/.m2/repository/org/eclipse/jetty/jetty-server/12.0.16/jetty-server-12.0.16.jar:/Users/pk/.m2/repository/org/mockito/mockito-core/5.14.2/mockito-core-5.14.2.jar:/Users/pk/.m2/repository/net/bytebuddy/byte-buddy/1.15.11/byte-buddy-1.15.11.jar:/Users/pk/.m2/repository/net/bytebuddy/byte-buddy-agent/1.15.11/byte-buddy-agent-1.15.11.jar:/Users/pk/.m2/repository/org/objenesis/objenesis/3.3/objenesis-3.3.jar:/Users/pk/.m2/repository/com/google/guava/guava/33.3.1-jre/guava-33.3.1-jre.jar:/Users/pk/.m2/repository/com/google/guava/failureaccess/1.0.2/failureaccess-1.0.2.jar:/Users/pk/.m2/repository/com/google/guava/listenablefuture/9999.0-empty-to-avoid-conflict-with-guava/listenablefuture-9999.0-empty-to-avoid-conflict-with-guava.jar:/Users/pk/.m2/repository/com/google/code/findbugs/jsr305/3.0.2/jsr305-3.0.2.jar:/Users/pk/.m2/repository/org/checkerframework/checker-qual/3.43.0/checker-qual-3.43.0.jar:/Users/pk/.m2/repository/com/google/errorprone/error_prone_annotations/2.28.0/error_prone_annotations-2.28.0.jar:/Users/pk/.m2/repository/com/google/j2objc/j2objc-annotations/3.0.0/j2objc-annotations-3.0.0.jar:/Users/pk/.m2/repository/jakarta/transaction/jakarta.transaction-api/2.0.1/jakarta.transaction-api-2.0.1.jar:/Users/pk/.m2/repository/org/eclipse/jetty/jetty-alpn-client/12.0.16/jetty-alpn-client-12.0.16.jar:/Users/pk/.m2/repository/org/eclipse/jetty/toolchain/jetty-jakarta-servlet-api/5.0.2/jetty-jakarta-servlet-api-5.0.2.jar:/Users/pk/.m2/repository/software/amazon/awssdk/url-connection-client/2.20.102/url-connection-client-2.20.102.jar:/Users/pk/.m2/repository/software/amazon/awssdk/utils/2.20.102/utils-2.20.102.jar:/Users/pk/.m2/repository/org/reactivestreams/reactive-streams/1.0.4/reactive-streams-1.0.4.jar:/Users/pk/.m2/repository/software/amazon/awssdk/annotations/2.20.102/annotations-2.20.102.jar:/Users/pk/.m2/repository/software/amazon/awssdk/http-client-spi/2.20.102/http-client-spi-2.20.102.jar:/Users/pk/.m2/repository/org/springframework/ai/spring-ai-tika-document-reader/1.0.0-M5/spring-ai-tika-document-reader-1.0.0-M5.jar:/Users/pk/.m2/repository/org/springframework/ai/spring-ai-core/1.0.0-M5/spring-ai-core-1.0.0-M5.jar:/Users/pk/.m2/repository/com/fasterxml/jackson/module/jackson-module-jsonSchema/2.18.2/jackson-module-jsonSchema-2.18.2.jar:/Users/pk/.m2/repository/javax/validation/validation-api/1.1.0.Final/validation-api-1.1.0.Final.jar:/Users/pk/.m2/repository/io/swagger/core/v3/swagger-annotations/2.2.20/swagger-annotations-2.2.20.jar:/Users/pk/.m2/repository/com/github/victools/jsonschema-module-swagger-2/4.35.0/jsonschema-module-swagger-2-4.35.0.jar:/Users/pk/.m2/repository/org/antlr/ST4/4.3.4/ST4-4.3.4.jar:/Users/pk/.m2/repository/org/antlr/antlr-runtime/3.5.3/antlr-runtime-3.5.3.jar:/Users/pk/.m2/repository/io/projectreactor/reactor-core/3.7.2/reactor-core-3.7.2.jar:/Users/pk/.m2/repository/org/springframework/spring-messaging/6.2.2/spring-messaging-6.2.2.jar:/Users/pk/.m2/repository/io/micrometer/micrometer-core/1.14.3/micrometer-core-1.14.3.jar:/Users/pk/.m2/repository/org/hdrhistogram/HdrHistogram/2.2.2/HdrHistogram-2.2.2.jar:/Users/pk/.m2/repository/org/latencyutils/LatencyUtils/2.0.3/LatencyUtils-2.0.3.jar:/Users/pk/.m2/repository/io/micrometer/context-propagation/1.1.2/context-propagation-1.1.2.jar:/Users/pk/.m2/repository/com/knuddels/jtokkit/1.1.0/jtokkit-1.1.0.jar:/Users/pk/.m2/repository/org/apache/tika/tika-core/3.0.0/tika-core-3.0.0.jar:/Users/pk/.m2/repository/commons-io/commons-io/2.17.0/commons-io-2.17.0.jar:/Users/pk/.m2/repository/org/apache/tika/tika-parsers-standard-package/3.0.0/tika-parsers-standard-package-3.0.0.jar:/Users/pk/.m2/repository/org/apache/tika/tika-parser-apple-module/3.0.0/tika-parser-apple-module-3.0.0.jar:/Users/pk/.m2/repository/org/apache/tika/tika-parser-zip-commons/3.0.0/tika-parser-zip-commons-3.0.0.jar:/Users/pk/.m2/repository/com/googlecode/plist/dd-plist/1.28/dd-plist-1.28.jar:/Users/pk/.m2/repository/org/apache/tika/tika-parser-audiovideo-module/3.0.0/tika-parser-audiovideo-module-3.0.0.jar:/Users/pk/.m2/repository/com/drewnoakes/metadata-extractor/2.19.0/metadata-extractor-2.19.0.jar:/Users/pk/.m2/repository/com/adobe/xmp/xmpcore/6.1.11/xmpcore-6.1.11.jar:/Users/pk/.m2/repository/org/apache/tika/tika-parser-cad-module/3.0.0/tika-parser-cad-module-3.0.0.jar:/Users/pk/.m2/repository/org/apache/tika/tika-parser-code-module/3.0.0/tika-parser-code-module-3.0.0.jar:/Users/pk/.m2/repository/org/codelibs/jhighlight/1.1.0/jhighlight-1.1.0.jar:/Users/pk/.m2/repository/org/ccil/cowan/tagsoup/tagsoup/1.2.1/tagsoup-1.2.1.jar:/Users/pk/.m2/repository/org/ow2/asm/asm/9.7.1/asm-9.7.1.jar:/Users/pk/.m2/repository/com/epam/parso/2.0.14/parso-2.0.14.jar:/Users/pk/.m2/repository/org/tallison/jmatio/1.5/jmatio-1.5.jar:/Users/pk/.m2/repository/org/apache/tika/tika-parser-crypto-module/3.0.0/tika-parser-crypto-module-3.0.0.jar:/Users/pk/.m2/repository/org/bouncycastle/bcjmail-jdk18on/1.78.1/bcjmail-jdk18on-1.78.1.jar:/Users/pk/.m2/repository/org/bouncycastle/bcutil-jdk18on/1.78.1/bcutil-jdk18on-1.78.1.jar:/Users/pk/.m2/repository/org/bouncycastle/bcpkix-jdk18on/1.78.1/bcpkix-jdk18on-1.78.1.jar:/Users/pk/.m2/repository/org/bouncycastle/bcprov-jdk18on/1.78.1/bcprov-jdk18on-1.78.1.jar:/Users/pk/.m2/repository/org/apache/tika/tika-parser-digest-commons/3.0.0/tika-parser-digest-commons-3.0.0.jar:/Users/pk/.m2/repository/org/apache/tika/tika-parser-font-module/3.0.0/tika-parser-font-module-3.0.0.jar:/Users/pk/.m2/repository/org/apache/pdfbox/fontbox/3.0.3/fontbox-3.0.3.jar:/Users/pk/.m2/repository/org/apache/pdfbox/pdfbox-io/3.0.3/pdfbox-io-3.0.3.jar:/Users/pk/.m2/repository/org/apache/tika/tika-parser-html-module/3.0.0/tika-parser-html-module-3.0.0.jar:/Users/pk/.m2/repository/org/jsoup/jsoup/1.18.1/jsoup-1.18.1.jar:/Users/pk/.m2/repository/org/apache/tika/tika-parser-image-module/3.0.0/tika-parser-image-module-3.0.0.jar:/Users/pk/.m2/repository/com/github/jai-imageio/jai-imageio-core/1.4.0/jai-imageio-core-1.4.0.jar:/Users/pk/.m2/repository/org/apache/pdfbox/jbig2-imageio/3.0.4/jbig2-imageio-3.0.4.jar:/Users/pk/.m2/repository/org/apache/tika/tika-parser-mail-module/3.0.0/tika-parser-mail-module-3.0.0.jar:/Users/pk/.m2/repository/org/apache/tika/tika-parser-mail-commons/3.0.0/tika-parser-mail-commons-3.0.0.jar:/Users/pk/.m2/repository/org/apache/james/apache-mime4j-core/0.8.11/apache-mime4j-core-0.8.11.jar:/Users/pk/.m2/repository/org/apache/james/apache-mime4j-dom/0.8.11/apache-mime4j-dom-0.8.11.jar:/Users/pk/.m2/repository/org/apache/tika/tika-parser-microsoft-module/3.0.0/tika-parser-microsoft-module-3.0.0.jar:/Users/pk/.m2/repository/com/pff/java-libpst/0.9.3/java-libpst-0.9.3.jar:/Users/pk/.m2/repository/org/apache/poi/poi/5.3.0/poi-5.3.0.jar:/Users/pk/.m2/repository/org/apache/commons/commons-math3/3.6.1/commons-math3-3.6.1.jar:/Users/pk/.m2/repository/com/zaxxer/SparseBitSet/1.3/SparseBitSet-1.3.jar:/Users/pk/.m2/repository/org/apache/poi/poi-scratchpad/5.3.0/poi-scratchpad-5.3.0.jar:/Users/pk/.m2/repository/org/apache/poi/poi-ooxml/5.3.0/poi-ooxml-5.3.0.jar:/Users/pk/.m2/repository/org/apache/poi/poi-ooxml-lite/5.3.0/poi-ooxml-lite-5.3.0.jar:/Users/pk/.m2/repository/org/apache/xmlbeans/xmlbeans/5.2.1/xmlbeans-5.2.1.jar:/Users/pk/.m2/repository/com/github/virtuald/curvesapi/1.08/curvesapi-1.08.jar:/Users/pk/.m2/repository/com/healthmarketscience/jackcess/jackcess/4.0.7/jackcess-4.0.7.jar:/Users/pk/.m2/repository/com/healthmarketscience/jackcess/jackcess-encrypt/4.0.2/jackcess-encrypt-4.0.2.jar:/Users/pk/.m2/repository/org/slf4j/jcl-over-slf4j/2.0.16/jcl-over-slf4j-2.0.16.jar:/Users/pk/.m2/repository/org/apache/tika/tika-parser-miscoffice-module/3.0.0/tika-parser-miscoffice-module-3.0.0.jar:/Users/pk/.m2/repository/org/apache/commons/commons-collections4/4.4/commons-collections4-4.4.jar:/Users/pk/.m2/repository/org/glassfish/jaxb/jaxb-runtime/4.0.5/jaxb-runtime-4.0.5.jar:/Users/pk/.m2/repository/org/glassfish/jaxb/jaxb-core/4.0.5/jaxb-core-4.0.5.jar:/Users/pk/.m2/repository/org/eclipse/angus/angus-activation/2.0.2/angus-activation-2.0.2.jar:/Users/pk/.m2/repository/org/glassfish/jaxb/txw2/4.0.5/txw2-4.0.5.jar:/Users/pk/.m2/repository/com/sun/istack/istack-commons-runtime/4.1.2/istack-commons-runtime-4.1.2.jar:/Users/pk/.m2/repository/org/apache/tika/tika-parser-news-module/3.0.0/tika-parser-news-module-3.0.0.jar:/Users/pk/.m2/repository/com/rometools/rome/2.1.0/rome-2.1.0.jar:/Users/pk/.m2/repository/com/rometools/rome-utils/2.1.0/rome-utils-2.1.0.jar:/Users/pk/.m2/repository/org/jdom/jdom2/2.0.6.1/jdom2-2.0.6.1.jar:/Users/pk/.m2/repository/org/apache/tika/tika-parser-ocr-module/3.0.0/tika-parser-ocr-module-3.0.0.jar:/Users/pk/.m2/repository/org/apache/commons/commons-exec/1.4.0/commons-exec-1.4.0.jar:/Users/pk/.m2/repository/org/apache/tika/tika-parser-pdf-module/3.0.0/tika-parser-pdf-module-3.0.0.jar:/Users/pk/.m2/repository/org/apache/pdfbox/pdfbox/3.0.3/pdfbox-3.0.3.jar:/Users/pk/.m2/repository/org/apache/pdfbox/pdfbox-tools/3.0.3/pdfbox-tools-3.0.3.jar:/Users/pk/.m2/repository/info/picocli/picocli/4.7.6/picocli-4.7.6.jar:/Users/pk/.m2/repository/org/apache/pdfbox/jempbox/1.8.17/jempbox-1.8.17.jar:/Users/pk/.m2/repository/org/apache/tika/tika-parser-pkg-module/3.0.0/tika-parser-pkg-module-3.0.0.jar:/Users/pk/.m2/repository/org/tukaani/xz/1.10/xz-1.10.jar:/Users/pk/.m2/repository/org/brotli/dec/0.1.2/dec-0.1.2.jar:/Users/pk/.m2/repository/com/github/junrar/junrar/7.5.5/junrar-7.5.5.jar:/Users/pk/.m2/repository/org/apache/tika/tika-parser-text-module/3.0.0/tika-parser-text-module-3.0.0.jar:/Users/pk/.m2/repository/com/github/albfernandez/juniversalchardet/2.5.0/juniversalchardet-2.5.0.jar:/Users/pk/.m2/repository/org/apache/commons/commons-csv/1.12.0/commons-csv-1.12.0.jar:/Users/pk/.m2/repository/org/apache/tika/tika-parser-webarchive-module/3.0.0/tika-parser-webarchive-module-3.0.0.jar:/Users/pk/.m2/repository/org/netpreserve/jwarc/0.30.0/jwarc-0.30.0.jar:/Users/pk/.m2/repository/org/apache/commons/commons-compress/1.27.1/commons-compress-1.27.1.jar:/Users/pk/.m2/repository/org/apache/tika/tika-parser-xml-module/3.0.0/tika-parser-xml-module-3.0.0.jar:/Users/pk/.m2/repository/org/apache/tika/tika-parser-xmp-commons/3.0.0/tika-parser-xmp-commons-3.0.0.jar:/Users/pk/.m2/repository/org/apache/pdfbox/xmpbox/3.0.3/xmpbox-3.0.3.jar:/Users/pk/.m2/repository/org/gagravarr/vorbis-java-tika/0.8/vorbis-java-tika-0.8.jar:/Users/pk/.m2/repository/org/gagravarr/vorbis-java-core/0.8/vorbis-java-core-0.8.jar:/Users/pk/.m2/repository/org/projectlombok/lombok/1.18.36/lombok-1.18.36.jar:/Users/pk/.m2/repository/org/springframework/boot/spring-boot-starter-test/3.4.2/spring-boot-starter-test-3.4.2.jar:/Users/pk/.m2/repository/org/springframework/boot/spring-boot-test/3.4.2/spring-boot-test-3.4.2.jar:/Users/pk/.m2/repository/org/springframework/boot/spring-boot-test-autoconfigure/3.4.2/spring-boot-test-autoconfigure-3.4.2.jar:/Users/pk/.m2/repository/com/jayway/jsonpath/json-path/2.9.0/json-path-2.9.0.jar:/Users/pk/.m2/repository/jakarta/xml/bind/jakarta.xml.bind-api/4.0.2/jakarta.xml.bind-api-4.0.2.jar:/Users/pk/.m2/repository/jakarta/activation/jakarta.activation-api/2.1.3/jakarta.activation-api-2.1.3.jar:/Users/pk/.m2/repository/net/minidev/json-smart/2.5.1/json-smart-2.5.1.jar:/Users/pk/.m2/repository/net/minidev/accessors-smart/2.5.1/accessors-smart-2.5.1.jar:/Users/pk/.m2/repository/org/assertj/assertj-core/3.26.3/assertj-core-3.26.3.jar:/Users/pk/.m2/repository/org/awaitility/awaitility/4.2.2/awaitility-4.2.2.jar:/Users/pk/.m2/repository/org/hamcrest/hamcrest/2.2/hamcrest-2.2.jar:/Users/pk/.m2/repository/org/junit/jupiter/junit-jupiter/5.11.4/junit-jupiter-5.11.4.jar:/Users/pk/.m2/repository/org/junit/jupiter/junit-jupiter-api/5.11.4/junit-jupiter-api-5.11.4.jar:/Users/pk/.m2/repository/org/opentest4j/opentest4j/1.3.0/opentest4j-1.3.0.jar:/Users/pk/.m2/repository/org/junit/platform/junit-platform-commons/1.11.4/junit-platform-commons-1.11.4.jar:/Users/pk/.m2/repository/org/apiguardian/apiguardian-api/1.1.2/apiguardian-api-1.1.2.jar:/Users/pk/.m2/repository/org/junit/jupiter/junit-jupiter-params/5.11.4/junit-jupiter-params-5.11.4.jar:/Users/pk/.m2/repository/org/junit/jupiter/junit-jupiter-engine/5.11.4/junit-jupiter-engine-5.11.4.jar:/Users/pk/.m2/repository/org/junit/platform/junit-platform-engine/1.11.4/junit-platform-engine-1.11.4.jar:/Users/pk/.m2/repository/org/mockito/mockito-junit-jupiter/5.14.2/mockito-junit-jupiter-5.14.2.jar:/Users/pk/.m2/repository/org/skyscreamer/jsonassert/1.5.3/jsonassert-1.5.3.jar:/Users/pk/.m2/repository/com/vaadin/external/google/android-json/0.0.20131108.vaadin1/android-json-0.0.20131108.vaadin1.jar:/Users/pk/.m2/repository/org/springframework/spring-core/6.2.2/spring-core-6.2.2.jar:/Users/pk/.m2/repository/org/springframework/spring-jcl/6.2.2/spring-jcl-6.2.2.jar:/Users/pk/.m2/repository/org/springframework/spring-test/6.2.2/spring-test-6.2.2.jar:/Users/pk/.m2/repository/org/xmlunit/xmlunit-core/2.10.0/xmlunit-core-2.10.0.jar:"/>
    <property name="java.vm.vendor" value="Homebrew"/>
    <property name="sun.arch.data.model" value="64"/>
    <property name="java.vendor.url" value="https://github.com/Homebrew/homebrew-core/issues"/>
    <property name="user.timezone" value="America/New_York"/>
    <property name="os.name" value="Mac OS X"/>
    <property name="java.vm.specification.version" value="23"/>
    <property name="APPLICATION_NAME" value="phosphate"/>
    <property name="sun.java.launcher" value="SUN_STANDARD"/>
    <property name="user.country" value="US"/>
    <property name="sun.boot.library.path" value="/opt/homebrew/Cellar/openjdk/23.0.2/libexec/openjdk.jdk/Contents/Home/lib"/>
    <property name="sun.java.command" value="/Users/pk/code/phosphate/target/surefire/surefirebooter-20250202194324745_3.jar /Users/pk/code/phosphate/target/surefire 2025-02-02T19-43-24_714-jvmRun1 surefire-20250202194324745_1tmp surefire_0-20250202194324745_2tmp"/>
    <property name="http.nonProxyHosts" value="local|*.local|169.254/16|*.169.254/16"/>
    <property name="jdk.debug" value="release"/>
    <property name="surefire.test.class.path" value="/Users/pk/code/phosphate/target/test-classes:/Users/pk/code/phosphate/target/classes:/Users/pk/.m2/repository/org/springframework/ai/spring-ai-qdrant-store-spring-boot-starter/1.0.0-M5/spring-ai-qdrant-store-spring-boot-starter-1.0.0-M5.jar:/Users/pk/.m2/repository/org/springframework/boot/spring-boot-starter/3.4.2/spring-boot-starter-3.4.2.jar:/Users/pk/.m2/repository/org/springframework/boot/spring-boot-autoconfigure/3.4.2/spring-boot-autoconfigure-3.4.2.jar:/Users/pk/.m2/repository/org/springframework/boot/spring-boot-starter-logging/3.4.2/spring-boot-starter-logging-3.4.2.jar:/Users/pk/.m2/repository/ch/qos/logback/logback-classic/1.5.16/logback-classic-1.5.16.jar:/Users/pk/.m2/repository/ch/qos/logback/logback-core/1.5.16/logback-core-1.5.16.jar:/Users/pk/.m2/repository/org/apache/logging/log4j/log4j-to-slf4j/2.24.3/log4j-to-slf4j-2.24.3.jar:/Users/pk/.m2/repository/org/slf4j/jul-to-slf4j/2.0.16/jul-to-slf4j-2.0.16.jar:/Users/pk/.m2/repository/jakarta/annotation/jakarta.annotation-api/2.1.1/jakarta.annotation-api-2.1.1.jar:/Users/pk/.m2/repository/org/yaml/snakeyaml/2.3/snakeyaml-2.3.jar:/Users/pk/.m2/repository/org/springframework/ai/spring-ai-spring-boot-autoconfigure/1.0.0-M5/spring-ai-spring-boot-autoconfigure-1.0.0-M5.jar:/Users/pk/.m2/repository/org/springframework/ai/spring-ai-qdrant-store/1.0.0-M5/spring-ai-qdrant-store-1.0.0-M5.jar:/Users/pk/.m2/repository/io/qdrant/client/1.9.1/client-1.9.1.jar:/Users/pk/.m2/repository/io/grpc/grpc-protobuf/1.59.0/grpc-protobuf-1.59.0.jar:/Users/pk/.m2/repository/io/grpc/grpc-api/1.59.0/grpc-api-1.59.0.jar:/Users/pk/.m2/repository/com/google/api/grpc/proto-google-common-protos/2.22.0/proto-google-common-protos-2.22.0.jar:/Users/pk/.m2/repository/io/grpc/grpc-protobuf-lite/1.59.0/grpc-protobuf-lite-1.59.0.jar:/Users/pk/.m2/repository/io/grpc/grpc-services/1.59.0/grpc-services-1.59.0.jar:/Users/pk/.m2/repository/io/grpc/grpc-util/1.59.0/grpc-util-1.59.0.jar:/Users/pk/.m2/repository/org/codehaus/mojo/animal-sniffer-annotations/1.23/animal-sniffer-annotations-1.23.jar:/Users/pk/.m2/repository/io/grpc/grpc-stub/1.59.0/grpc-stub-1.59.0.jar:/Users/pk/.m2/repository/io/grpc/grpc-netty-shaded/1.59.0/grpc-netty-shaded-1.59.0.jar:/Users/pk/.m2/repository/io/perfmark/perfmark-api/0.26.0/perfmark-api-0.26.0.jar:/Users/pk/.m2/repository/io/grpc/grpc-core/1.59.0/grpc-core-1.59.0.jar:/Users/pk/.m2/repository/com/google/android/annotations/4.1.1.4/annotations-4.1.1.4.jar:/Users/pk/.m2/repository/io/grpc/grpc-context/1.59.0/grpc-context-1.59.0.jar:/Users/pk/.m2/repository/com/google/protobuf/protobuf-java-util/3.25.2/protobuf-java-util-3.25.2.jar:/Users/pk/.m2/repository/com/google/protobuf/protobuf-java/3.25.2/protobuf-java-3.25.2.jar:/Users/pk/.m2/repository/com/google/code/gson/gson/2.11.0/gson-2.11.0.jar:/Users/pk/.m2/repository/org/springframework/boot/spring-boot-docker-compose/3.4.2/spring-boot-docker-compose-3.4.2.jar:/Users/pk/.m2/repository/org/springframework/boot/spring-boot/3.4.2/spring-boot-3.4.2.jar:/Users/pk/.m2/repository/org/springframework/spring-context/6.2.2/spring-context-6.2.2.jar:/Users/pk/.m2/repository/com/fasterxml/jackson/core/jackson-databind/2.18.2/jackson-databind-2.18.2.jar:/Users/pk/.m2/repository/com/fasterxml/jackson/core/jackson-annotations/2.18.2/jackson-annotations-2.18.2.jar:/Users/pk/.m2/repository/com/fasterxml/jackson/core/jackson-core/2.18.2/jackson-core-2.18.2.jar:/Users/pk/.m2/repository/com/fasterxml/jackson/module/jackson-module-parameter-names/2.18.2/jackson-module-parameter-names-2.18.2.jar:/Users/pk/.m2/repository/org/springframework/boot/spring-boot-starter-web/3.4.2/spring-boot-starter-web-3.4.2.jar:/Users/pk/.m2/repository/org/springframework/boot/spring-boot-starter-json/3.4.2/spring-boot-starter-json-3.4.2.jar:/Users/pk/.m2/repository/com/fasterxml/jackson/datatype/jackson-datatype-jdk8/2.18.2/jackson-datatype-jdk8-2.18.2.jar:/Users/pk/.m2/repository/org/springframework/boot/spring-boot-starter-tomcat/3.4.2/spring-boot-starter-tomcat-3.4.2.jar:/Users/pk/.m2/repository/org/apache/tomcat/embed/tomcat-embed-core/10.1.34/tomcat-embed-core-10.1.34.jar:/Users/pk/.m2/repository/org/apache/tomcat/embed/tomcat-embed-el/10.1.34/tomcat-embed-el-10.1.34.jar:/Users/pk/.m2/repository/org/apache/tomcat/embed/tomcat-embed-websocket/10.1.34/tomcat-embed-websocket-10.1.34.jar:/Users/pk/.m2/repository/org/springframework/spring-web/6.2.2/spring-web-6.2.2.jar:/Users/pk/.m2/repository/org/springframework/spring-beans/6.2.2/spring-beans-6.2.2.jar:/Users/pk/.m2/repository/io/micrometer/micrometer-observation/1.14.3/micrometer-observation-1.14.3.jar:/Users/pk/.m2/repository/io/micrometer/micrometer-commons/1.14.3/micrometer-commons-1.14.3.jar:/Users/pk/.m2/repository/org/springframework/spring-webmvc/6.2.2/spring-webmvc-6.2.2.jar:/Users/pk/.m2/repository/org/springframework/spring-aop/6.2.2/spring-aop-6.2.2.jar:/Users/pk/.m2/repository/org/springframework/spring-expression/6.2.2/spring-expression-6.2.2.jar:/Users/pk/.m2/repository/org/springframework/ai/spring-ai-openai-spring-boot-starter/1.0.0-M5/spring-ai-openai-spring-boot-starter-1.0.0-M5.jar:/Users/pk/.m2/repository/org/springframework/ai/spring-ai-openai/1.0.0-M5/spring-ai-openai-1.0.0-M5.jar:/Users/pk/.m2/repository/org/springframework/ai/spring-ai-retry/1.0.0-M5/spring-ai-retry-1.0.0-M5.jar:/Users/pk/.m2/repository/org/springframework/retry/spring-retry/2.0.11/spring-retry-2.0.11.jar:/Users/pk/.m2/repository/org/springframework/spring-webflux/6.2.2/spring-webflux-6.2.2.jar:/Users/pk/.m2/repository/io/rest-assured/json-path/5.5.0/json-path-5.5.0.jar:/Users/pk/.m2/repository/org/apache/groovy/groovy-json/4.0.24/groovy-json-4.0.24.jar:/Users/pk/.m2/repository/org/apache/groovy/groovy/4.0.24/groovy-4.0.24.jar:/Users/pk/.m2/repository/io/rest-assured/rest-assured-common/5.5.0/rest-assured-common-5.5.0.jar:/Users/pk/.m2/repository/com/github/victools/jsonschema-generator/4.31.1/jsonschema-generator-4.31.1.jar:/Users/pk/.m2/repository/com/fasterxml/classmate/1.7.0/classmate-1.7.0.jar:/Users/pk/.m2/repository/com/github/victools/jsonschema-module-jackson/4.31.1/jsonschema-module-jackson-4.31.1.jar:/Users/pk/.m2/repository/org/springframework/spring-context-support/6.2.2/spring-context-support-6.2.2.jar:/Users/pk/.m2/repository/com/amazonaws/DynamoDBLocal/2.2.1/DynamoDBLocal-2.2.1.jar:/Users/pk/.m2/repository/org/antlr/antlr4-runtime/4.5/antlr4-runtime-4.5.jar:/Users/pk/.m2/repository/org/abego/treelayout/org.abego.treelayout.core/1.0.1/org.abego.treelayout.core-1.0.1.jar:/Users/pk/.m2/repository/commons-cli/commons-cli/1.2/commons-cli-1.2.jar:/Users/pk/.m2/repository/org/apache/commons/commons-lang3/3.17.0/commons-lang3-3.17.0.jar:/Users/pk/.m2/repository/com/almworks/sqlite4java/sqlite4java/1.0.392/sqlite4java-1.0.392.jar:/Users/pk/.m2/repository/com/fasterxml/jackson/datatype/jackson-datatype-jsr310/2.18.2/jackson-datatype-jsr310-2.18.2.jar:/Users/pk/.m2/repository/com/amazonaws/aws-java-sdk-core/1.12.587/aws-java-sdk-core-1.12.587.jar:/Users/pk/.m2/repository/commons-logging/commons-logging/1.1.3/commons-logging-1.1.3.jar:/Users/pk/.m2/repository/commons-codec/commons-codec/1.17.2/commons-codec-1.17.2.jar:/Users/pk/.m2/repository/org/apache/httpcomponents/httpclient/4.5.13/httpclient-4.5.13.jar:/Users/pk/.m2/repository/org/apache/httpcomponents/httpcore/4.4.16/httpcore-4.4.16.jar:/Users/pk/.m2/repository/software/amazon/ion/ion-java/1.0.2/ion-java-1.0.2.jar:/Users/pk/.m2/repository/com/fasterxml/jackson/dataformat/jackson-dataformat-cbor/2.18.2/jackson-dataformat-cbor-2.18.2.jar:/Users/pk/.m2/repository/joda-time/joda-time/2.8.1/joda-time-2.8.1.jar:/Users/pk/.m2/repository/com/amazonaws/aws-java-sdk-dynamodb/1.12.587/aws-java-sdk-dynamodb-1.12.587.jar:/Users/pk/.m2/repository/com/amazonaws/aws-java-sdk-s3/1.12.587/aws-java-sdk-s3-1.12.587.jar:/Users/pk/.m2/repository/com/amazonaws/aws-java-sdk-kms/1.12.587/aws-java-sdk-kms-1.12.587.jar:/Users/pk/.m2/repository/com/amazonaws/jmespath-java/1.12.587/jmespath-java-1.12.587.jar:/Users/pk/.m2/repository/software/amazon/awssdk/cognitoidentity/2.20.144/cognitoidentity-2.20.144.jar:/Users/pk/.m2/repository/software/amazon/awssdk/aws-json-protocol/2.20.144/aws-json-protocol-2.20.144.jar:/Users/pk/.m2/repository/software/amazon/awssdk/third-party-jackson-core/2.20.144/third-party-jackson-core-2.20.144.jar:/Users/pk/.m2/repository/software/amazon/awssdk/protocol-core/2.20.144/protocol-core-2.20.144.jar:/Users/pk/.m2/repository/software/amazon/awssdk/sdk-core/2.20.144/sdk-core-2.20.144.jar:/Users/pk/.m2/repository/software/amazon/awssdk/auth/2.20.144/auth-2.20.144.jar:/Users/pk/.m2/repository/software/amazon/eventstream/eventstream/1.0.1/eventstream-1.0.1.jar:/Users/pk/.m2/repository/software/amazon/awssdk/regions/2.20.144/regions-2.20.144.jar:/Users/pk/.m2/repository/software/amazon/awssdk/aws-core/2.20.144/aws-core-2.20.144.jar:/Users/pk/.m2/repository/software/amazon/awssdk/metrics-spi/2.20.144/metrics-spi-2.20.144.jar:/Users/pk/.m2/repository/software/amazon/awssdk/json-utils/2.20.144/json-utils-2.20.144.jar:/Users/pk/.m2/repository/software/amazon/awssdk/endpoints-spi/2.20.144/endpoints-spi-2.20.144.jar:/Users/pk/.m2/repository/software/amazon/awssdk/apache-client/2.20.144/apache-client-2.20.144.jar:/Users/pk/.m2/repository/software/amazon/awssdk/netty-nio-client/2.20.144/netty-nio-client-2.20.144.jar:/Users/pk/.m2/repository/io/netty/netty-codec-http/4.1.117.Final/netty-codec-http-4.1.117.Final.jar:/Users/pk/.m2/repository/io/netty/netty-codec-http2/4.1.117.Final/netty-codec-http2-4.1.117.Final.jar:/Users/pk/.m2/repository/io/netty/netty-codec/4.1.117.Final/netty-codec-4.1.117.Final.jar:/Users/pk/.m2/repository/io/netty/netty-transport/4.1.117.Final/netty-transport-4.1.117.Final.jar:/Users/pk/.m2/repository/io/netty/netty-common/4.1.117.Final/netty-common-4.1.117.Final.jar:/Users/pk/.m2/repository/io/netty/netty-buffer/4.1.117.Final/netty-buffer-4.1.117.Final.jar:/Users/pk/.m2/repository/io/netty/netty-handler/4.1.117.Final/netty-handler-4.1.117.Final.jar:/Users/pk/.m2/repository/io/netty/netty-transport-native-unix-common/4.1.117.Final/netty-transport-native-unix-common-4.1.117.Final.jar:/Users/pk/.m2/repository/io/netty/netty-transport-classes-epoll/4.1.117.Final/netty-transport-classes-epoll-4.1.117.Final.jar:/Users/pk/.m2/repository/io/netty/netty-resolver/4.1.117.Final/netty-resolver-4.1.117.Final.jar:/Users/pk/.m2/repository/software/amazon/awssdk/cognitoidentityprovider/2.20.144/cognitoidentityprovider-2.20.144.jar:/Users/pk/.m2/repository/software/amazon/awssdk/pinpoint/2.20.144/pinpoint-2.20.144.jar:/Users/pk/.m2/repository/software/amazon/awssdk/dynamodb/2.20.144/dynamodb-2.20.144.jar:/Users/pk/.m2/repository/software/amazon/awssdk/profiles/2.20.144/profiles-2.20.144.jar:/Users/pk/.m2/repository/software/amazon/awssdk/dynamodb-enhanced/2.20.144/dynamodb-enhanced-2.20.144.jar:/Users/pk/.m2/repository/org/apache/logging/log4j/log4j-api/2.24.3/log4j-api-2.24.3.jar:/Users/pk/.m2/repository/org/apache/logging/log4j/log4j-core/2.24.3/log4j-core-2.24.3.jar:/Users/pk/.m2/repository/org/eclipse/jetty/jetty-client/12.0.16/jetty-client-12.0.16.jar:/Users/pk/.m2/repository/org/eclipse/jetty/jetty-http/12.0.16/jetty-http-12.0.16.jar:/Users/pk/.m2/repository/org/eclipse/jetty/jetty-util/12.0.16/jetty-util-12.0.16.jar:/Users/pk/.m2/repository/org/eclipse/jetty/jetty-io/12.0.16/jetty-io-12.0.16.jar:/Users/pk/.m2/repository/org/slf4j/slf4j-api/2.0.16/slf4j-api-2.0.16.jar:/Users/pk/.m2/repository/org/eclipse/jetty/jetty-server/12.0.16/jetty-server-12.0.16.jar:/Users/pk/.m2/repository/org/mockito/mockito-core/5.14.2/mockito-core-5.14.2.jar:/Users/pk/.m2/repository/net/bytebuddy/byte-buddy/1.15.11/byte-buddy-1.15.11.jar:/Users/pk/.m2/repository/net/bytebuddy/byte-buddy-agent/1.15.11/byte-buddy-agent-1.15.11.jar:/Users/pk/.m2/repository/org/objenesis/objenesis/3.3/objenesis-3.3.jar:/Users/pk/.m2/repository/com/google/guava/guava/33.3.1-jre/guava-33.3.1-jre.jar:/Users/pk/.m2/repository/com/google/guava/failureaccess/1.0.2/failureaccess-1.0.2.jar:/Users/pk/.m2/repository/com/google/guava/listenablefuture/9999.0-empty-to-avoid-conflict-with-guava/listenablefuture-9999.0-empty-to-avoid-conflict-with-guava.jar:/Users/pk/.m2/repository/com/google/code/findbugs/jsr305/3.0.2/jsr305-3.0.2.jar:/Users/pk/.m2/repository/org/checkerframework/checker-qual/3.43.0/checker-qual-3.43.0.jar:/Users/pk/.m2/repository/com/google/errorprone/error_prone_annotations/2.28.0/error_prone_annotations-2.28.0.jar:/Users/pk/.m2/repository/com/google/j2objc/j2objc-annotations/3.0.0/j2objc-annotations-3.0.0.jar:/Users/pk/.m2/repository/jakarta/transaction/jakarta.transaction-api/2.0.1/jakarta.transaction-api-2.0.1.jar:/Users/pk/.m2/repository/org/eclipse/jetty/jetty-alpn-client/12.0.16/jetty-alpn-client-12.0.16.jar:/Users/pk/.m2/repository/org/eclipse/jetty/toolchain/jetty-jakarta-servlet-api/5.0.2/jetty-jakarta-servlet-api-5.0.2.jar:/Users/pk/.m2/repository/software/amazon/awssdk/url-connection-client/2.20.102/url-connection-client-2.20.102.jar:/Users/pk/.m2/repository/software/amazon/awssdk/utils/2.20.102/utils-2.20.102.jar:/Users/pk/.m2/repository/org/reactivestreams/reactive-streams/1.0.4/reactive-streams-1.0.4.jar:/Users/pk/.m2/repository/software/amazon/awssdk/annotations/2.20.102/annotations-2.20.102.jar:/Users/pk/.m2/repository/software/amazon/awssdk/http-client-spi/2.20.102/http-client-spi-2.20.102.jar:/Users/pk/.m2/repository/org/springframework/ai/spring-ai-tika-document-reader/1.0.0-M5/spring-ai-tika-document-reader-1.0.0-M5.jar:/Users/pk/.m2/repository/org/springframework/ai/spring-ai-core/1.0.0-M5/spring-ai-core-1.0.0-M5.jar:/Users/pk/.m2/repository/com/fasterxml/jackson/module/jackson-module-jsonSchema/2.18.2/jackson-module-jsonSchema-2.18.2.jar:/Users/pk/.m2/repository/javax/validation/validation-api/1.1.0.Final/validation-api-1.1.0.Final.jar:/Users/pk/.m2/repository/io/swagger/core/v3/swagger-annotations/2.2.20/swagger-annotations-2.2.20.jar:/Users/pk/.m2/repository/com/github/victools/jsonschema-module-swagger-2/4.35.0/jsonschema-module-swagger-2-4.35.0.jar:/Users/pk/.m2/repository/org/antlr/ST4/4.3.4/ST4-4.3.4.jar:/Users/pk/.m2/repository/org/antlr/antlr-runtime/3.5.3/antlr-runtime-3.5.3.jar:/Users/pk/.m2/repository/io/projectreactor/reactor-core/3.7.2/reactor-core-3.7.2.jar:/Users/pk/.m2/repository/org/springframework/spring-messaging/6.2.2/spring-messaging-6.2.2.jar:/Users/pk/.m2/repository/io/micrometer/micrometer-core/1.14.3/micrometer-core-1.14.3.jar:/Users/pk/.m2/repository/org/hdrhistogram/HdrHistogram/2.2.2/HdrHistogram-2.2.2.jar:/Users/pk/.m2/repository/org/latencyutils/LatencyUtils/2.0.3/LatencyUtils-2.0.3.jar:/Users/pk/.m2/repository/io/micrometer/context-propagation/1.1.2/context-propagation-1.1.2.jar:/Users/pk/.m2/repository/com/knuddels/jtokkit/1.1.0/jtokkit-1.1.0.jar:/Users/pk/.m2/repository/org/apache/tika/tika-core/3.0.0/tika-core-3.0.0.jar:/Users/pk/.m2/repository/commons-io/commons-io/2.17.0/commons-io-2.17.0.jar:/Users/pk/.m2/repository/org/apache/tika/tika-parsers-standard-package/3.0.0/tika-parsers-standard-package-3.0.0.jar:/Users/pk/.m2/repository/org/apache/tika/tika-parser-apple-module/3.0.0/tika-parser-apple-module-3.0.0.jar:/Users/pk/.m2/repository/org/apache/tika/tika-parser-zip-commons/3.0.0/tika-parser-zip-commons-3.0.0.jar:/Users/pk/.m2/repository/com/googlecode/plist/dd-plist/1.28/dd-plist-1.28.jar:/Users/pk/.m2/repository/org/apache/tika/tika-parser-audiovideo-module/3.0.0/tika-parser-audiovideo-module-3.0.0.jar:/Users/pk/.m2/repository/com/drewnoakes/metadata-extractor/2.19.0/metadata-extractor-2.19.0.jar:/Users/pk/.m2/repository/com/adobe/xmp/xmpcore/6.1.11/xmpcore-6.1.11.jar:/Users/pk/.m2/repository/org/apache/tika/tika-parser-cad-module/3.0.0/tika-parser-cad-module-3.0.0.jar:/Users/pk/.m2/repository/org/apache/tika/tika-parser-code-module/3.0.0/tika-parser-code-module-3.0.0.jar:/Users/pk/.m2/repository/org/codelibs/jhighlight/1.1.0/jhighlight-1.1.0.jar:/Users/pk/.m2/repository/org/ccil/cowan/tagsoup/tagsoup/1.2.1/tagsoup-1.2.1.jar:/Users/pk/.m2/repository/org/ow2/asm/asm/9.7.1/asm-9.7.1.jar:/Users/pk/.m2/repository/com/epam/parso/2.0.14/parso-2.0.14.jar:/Users/pk/.m2/repository/org/tallison/jmatio/1.5/jmatio-1.5.jar:/Users/pk/.m2/repository/org/apache/tika/tika-parser-crypto-module/3.0.0/tika-parser-crypto-module-3.0.0.jar:/Users/pk/.m2/repository/org/bouncycastle/bcjmail-jdk18on/1.78.1/bcjmail-jdk18on-1.78.1.jar:/Users/pk/.m2/repository/org/bouncycastle/bcutil-jdk18on/1.78.1/bcutil-jdk18on-1.78.1.jar:/Users/pk/.m2/repository/org/bouncycastle/bcpkix-jdk18on/1.78.1/bcpkix-jdk18on-1.78.1.jar:/Users/pk/.m2/repository/org/bouncycastle/bcprov-jdk18on/1.78.1/bcprov-jdk18on-1.78.1.jar:/Users/pk/.m2/repository/org/apache/tika/tika-parser-digest-commons/3.0.0/tika-parser-digest-commons-3.0.0.jar:/Users/pk/.m2/repository/org/apache/tika/tika-parser-font-module/3.0.0/tika-parser-font-module-3.0.0.jar:/Users/pk/.m2/repository/org/apache/pdfbox/fontbox/3.0.3/fontbox-3.0.3.jar:/Users/pk/.m2/repository/org/apache/pdfbox/pdfbox-io/3.0.3/pdfbox-io-3.0.3.jar:/Users/pk/.m2/repository/org/apache/tika/tika-parser-html-module/3.0.0/tika-parser-html-module-3.0.0.jar:/Users/pk/.m2/repository/org/jsoup/jsoup/1.18.1/jsoup-1.18.1.jar:/Users/pk/.m2/repository/org/apache/tika/tika-parser-image-module/3.0.0/tika-parser-image-module-3.0.0.jar:/Users/pk/.m2/repository/com/github/jai-imageio/jai-imageio-core/1.4.0/jai-imageio-core-1.4.0.jar:/Users/pk/.m2/repository/org/apache/pdfbox/jbig2-imageio/3.0.4/jbig2-imageio-3.0.4.jar:/Users/pk/.m2/repository/org/apache/tika/tika-parser-mail-module/3.0.0/tika-parser-mail-module-3.0.0.jar:/Users/pk/.m2/repository/org/apache/tika/tika-parser-mail-commons/3.0.0/tika-parser-mail-commons-3.0.0.jar:/Users/pk/.m2/repository/org/apache/james/apache-mime4j-core/0.8.11/apache-mime4j-core-0.8.11.jar:/Users/pk/.m2/repository/org/apache/james/apache-mime4j-dom/0.8.11/apache-mime4j-dom-0.8.11.jar:/Users/pk/.m2/repository/org/apache/tika/tika-parser-microsoft-module/3.0.0/tika-parser-microsoft-module-3.0.0.jar:/Users/pk/.m2/repository/com/pff/java-libpst/0.9.3/java-libpst-0.9.3.jar:/Users/pk/.m2/repository/org/apache/poi/poi/5.3.0/poi-5.3.0.jar:/Users/pk/.m2/repository/org/apache/commons/commons-math3/3.6.1/commons-math3-3.6.1.jar:/Users/pk/.m2/repository/com/zaxxer/SparseBitSet/1.3/SparseBitSet-1.3.jar:/Users/pk/.m2/repository/org/apache/poi/poi-scratchpad/5.3.0/poi-scratchpad-5.3.0.jar:/Users/pk/.m2/repository/org/apache/poi/poi-ooxml/5.3.0/poi-ooxml-5.3.0.jar:/Users/pk/.m2/repository/org/apache/poi/poi-ooxml-lite/5.3.0/poi-ooxml-lite-5.3.0.jar:/Users/pk/.m2/repository/org/apache/xmlbeans/xmlbeans/5.2.1/xmlbeans-5.2.1.jar:/Users/pk/.m2/repository/com/github/virtuald/curvesapi/1.08/curvesapi-1.08.jar:/Users/pk/.m2/repository/com/healthmarketscience/jackcess/jackcess/4.0.7/jackcess-4.0.7.jar:/Users/pk/.m2/repository/com/healthmarketscience/jackcess/jackcess-encrypt/4.0.2/jackcess-encrypt-4.0.2.jar:/Users/pk/.m2/repository/org/slf4j/jcl-over-slf4j/2.0.16/jcl-over-slf4j-2.0.16.jar:/Users/pk/.m2/repository/org/apache/tika/tika-parser-miscoffice-module/3.0.0/tika-parser-miscoffice-module-3.0.0.jar:/Users/pk/.m2/repository/org/apache/commons/commons-collections4/4.4/commons-collections4-4.4.jar:/Users/pk/.m2/repository/org/glassfish/jaxb/jaxb-runtime/4.0.5/jaxb-runtime-4.0.5.jar:/Users/pk/.m2/repository/org/glassfish/jaxb/jaxb-core/4.0.5/jaxb-core-4.0.5.jar:/Users/pk/.m2/repository/org/eclipse/angus/angus-activation/2.0.2/angus-activation-2.0.2.jar:/Users/pk/.m2/repository/org/glassfish/jaxb/txw2/4.0.5/txw2-4.0.5.jar:/Users/pk/.m2/repository/com/sun/istack/istack-commons-runtime/4.1.2/istack-commons-runtime-4.1.2.jar:/Users/pk/.m2/repository/org/apache/tika/tika-parser-news-module/3.0.0/tika-parser-news-module-3.0.0.jar:/Users/pk/.m2/repository/com/rometools/rome/2.1.0/rome-2.1.0.jar:/Users/pk/.m2/repository/com/rometools/rome-utils/2.1.0/rome-utils-2.1.0.jar:/Users/pk/.m2/repository/org/jdom/jdom2/2.0.6.1/jdom2-2.0.6.1.jar:/Users/pk/.m2/repository/org/apache/tika/tika-parser-ocr-module/3.0.0/tika-parser-ocr-module-3.0.0.jar:/Users/pk/.m2/repository/org/apache/commons/commons-exec/1.4.0/commons-exec-1.4.0.jar:/Users/pk/.m2/repository/org/apache/tika/tika-parser-pdf-module/3.0.0/tika-parser-pdf-module-3.0.0.jar:/Users/pk/.m2/repository/org/apache/pdfbox/pdfbox/3.0.3/pdfbox-3.0.3.jar:/Users/pk/.m2/repository/org/apache/pdfbox/pdfbox-tools/3.0.3/pdfbox-tools-3.0.3.jar:/Users/pk/.m2/repository/info/picocli/picocli/4.7.6/picocli-4.7.6.jar:/Users/pk/.m2/repository/org/apache/pdfbox/jempbox/1.8.17/jempbox-1.8.17.jar:/Users/pk/.m2/repository/org/apache/tika/tika-parser-pkg-module/3.0.0/tika-parser-pkg-module-3.0.0.jar:/Users/pk/.m2/repository/org/tukaani/xz/1.10/xz-1.10.jar:/Users/pk/.m2/repository/org/brotli/dec/0.1.2/dec-0.1.2.jar:/Users/pk/.m2/repository/com/github/junrar/junrar/7.5.5/junrar-7.5.5.jar:/Users/pk/.m2/repository/org/apache/tika/tika-parser-text-module/3.0.0/tika-parser-text-module-3.0.0.jar:/Users/pk/.m2/repository/com/github/albfernandez/juniversalchardet/2.5.0/juniversalchardet-2.5.0.jar:/Users/pk/.m2/repository/org/apache/commons/commons-csv/1.12.0/commons-csv-1.12.0.jar:/Users/pk/.m2/repository/org/apache/tika/tika-parser-webarchive-module/3.0.0/tika-parser-webarchive-module-3.0.0.jar:/Users/pk/.m2/repository/org/netpreserve/jwarc/0.30.0/jwarc-0.30.0.jar:/Users/pk/.m2/repository/org/apache/commons/commons-compress/1.27.1/commons-compress-1.27.1.jar:/Users/pk/.m2/repository/org/apache/tika/tika-parser-xml-module/3.0.0/tika-parser-xml-module-3.0.0.jar:/Users/pk/.m2/repository/org/apache/tika/tika-parser-xmp-commons/3.0.0/tika-parser-xmp-commons-3.0.0.jar:/Users/pk/.m2/repository/org/apache/pdfbox/xmpbox/3.0.3/xmpbox-3.0.3.jar:/Users/pk/.m2/repository/org/gagravarr/vorbis-java-tika/0.8/vorbis-java-tika-0.8.jar:/Users/pk/.m2/repository/org/gagravarr/vorbis-java-core/0.8/vorbis-java-core-0.8.jar:/Users/pk/.m2/repository/org/projectlombok/lombok/1.18.36/lombok-1.18.36.jar:/Users/pk/.m2/repository/org/springframework/boot/spring-boot-starter-test/3.4.2/spring-boot-starter-test-3.4.2.jar:/Users/pk/.m2/repository/org/springframework/boot/spring-boot-test/3.4.2/spring-boot-test-3.4.2.jar:/Users/pk/.m2/repository/org/springframework/boot/spring-boot-test-autoconfigure/3.4.2/spring-boot-test-autoconfigure-3.4.2.jar:/Users/pk/.m2/repository/com/jayway/jsonpath/json-path/2.9.0/json-path-2.9.0.jar:/Users/pk/.m2/repository/jakarta/xml/bind/jakarta.xml.bind-api/4.0.2/jakarta.xml.bind-api-4.0.2.jar:/Users/pk/.m2/repository/jakarta/activation/jakarta.activation-api/2.1.3/jakarta.activation-api-2.1.3.jar:/Users/pk/.m2/repository/net/minidev/json-smart/2.5.1/json-smart-2.5.1.jar:/Users/pk/.m2/repository/net/minidev/accessors-smart/2.5.1/accessors-smart-2.5.1.jar:/Users/pk/.m2/repository/org/assertj/assertj-core/3.26.3/assertj-core-3.26.3.jar:/Users/pk/.m2/repository/org/awaitility/awaitility/4.2.2/awaitility-4.2.2.jar:/Users/pk/.m2/repository/org/hamcrest/hamcrest/2.2/hamcrest-2.2.jar:/Users/pk/.m2/repository/org/junit/jupiter/junit-jupiter/5.11.4/junit-jupiter-5.11.4.jar:/Users/pk/.m2/repository/org/junit/jupiter/junit-jupiter-api/5.11.4/junit-jupiter-api-5.11.4.jar:/Users/pk/.m2/repository/org/opentest4j/opentest4j/1.3.0/opentest4j-1.3.0.jar:/Users/pk/.m2/repository/org/junit/platform/junit-platform-commons/1.11.4/junit-platform-commons-1.11.4.jar:/Users/pk/.m2/repository/org/apiguardian/apiguardian-api/1.1.2/apiguardian-api-1.1.2.jar:/Users/pk/.m2/repository/org/junit/jupiter/junit-jupiter-params/5.11.4/junit-jupiter-params-5.11.4.jar:/Users/pk/.m2/repository/org/junit/jupiter/junit-jupiter-engine/5.11.4/junit-jupiter-engine-5.11.4.jar:/Users/pk/.m2/repository/org/junit/platform/junit-platform-engine/1.11.4/junit-platform-engine-1.11.4.jar:/Users/pk/.m2/repository/org/mockito/mockito-junit-jupiter/5.14.2/mockito-junit-jupiter-5.14.2.jar:/Users/pk/.m2/repository/org/skyscreamer/jsonassert/1.5.3/jsonassert-1.5.3.jar:/Users/pk/.m2/repository/com/vaadin/external/google/android-json/0.0.20131108.vaadin1/android-json-0.0.20131108.vaadin1.jar:/Users/pk/.m2/repository/org/springframework/spring-core/6.2.2/spring-core-6.2.2.jar:/Users/pk/.m2/repository/org/springframework/spring-jcl/6.2.2/spring-jcl-6.2.2.jar:/Users/pk/.m2/repository/org/springframework/spring-test/6.2.2/spring-test-6.2.2.jar:/Users/pk/.m2/repository/org/xmlunit/xmlunit-core/2.10.0/xmlunit-core-2.10.0.jar:"/>
    <property name="sun.cpu.endian" value="little"/>
    <property name="user.home" value="/Users/pk"/>
    <property name="user.language" value="en"/>
    <property name="java.specification.vendor" value="Oracle Corporation"/>
    <property name="java.version.date" value="2025-01-21"/>
    <property name="java.home" value="/opt/homebrew/Cellar/openjdk/23.0.2/libexec/openjdk.jdk/Contents/Home"/>
    <property name="file.separator" value="/"/>
    <property name="basedir" value="/Users/pk/code/phosphate"/>
    <property name="java.vm.compressedOopsMode" value="Zero based"/>
    <property name="line.separator" value="&#10;"/>
    <property name="java.vm.specification.vendor" value="Oracle Corporation"/>
    <property name="java.specification.name" value="Java Platform API Specification"/>
    <property name="FILE_LOG_CHARSET" value="UTF-8"/>
    <property name="java.awt.headless" value="true"/>
    <property name="apple.awt.application.name" value="ForkedBooter"/>
    <property name="surefire.real.class.path" value="/Users/pk/code/phosphate/target/surefire/surefirebooter-20250202194324745_3.jar"/>
    <property name="sun.management.compiler" value="HotSpot 64-Bit Tiered Compilers"/>
    <property name="ftp.nonProxyHosts" value="local|*.local|169.254/16|*.169.254/16"/>
    <property name="java.runtime.version" value="23.0.2"/>
    <property name="user.name" value="pk"/>
    <property name="stdout.encoding" value="UTF-8"/>
    <property name="path.separator" value=":"/>
    <property name="os.version" value="15.1.1"/>
    <property name="java.runtime.name" value="OpenJDK Runtime Environment"/>
    <property name="file.encoding" value="UTF-8"/>
    <property name="java.vm.name" value="OpenJDK 64-Bit Server VM"/>
    <property name="java.vendor.version" value="Homebrew"/>
    <property name="localRepository" value="/Users/pk/.m2/repository"/>
    <property name="java.vendor.url.bug" value="https://github.com/Homebrew/homebrew-core/issues"/>
    <property name="jetty.git.hash" value="c3f88bafb4e393f23204dc14dc57b042e84debc7"/>
    <property name="java.io.tmpdir" value="/var/folders/70/3mds2yr929vgb_nlqx2yjd200000gn/T/"/>
    <property name="java.version" value="23.0.2"/>
    <property name="user.dir" value="/Users/pk/code/phosphate"/>
    <property name="os.arch" value="aarch64"/>
    <property name="java.vm.specification.name" value="Java Virtual Machine Specification"/>
    <property name="PID" value="99154"/>
    <property name="CONSOLE_LOG_CHARSET" value="UTF-8"/>
    <property name="native.encoding" value="UTF-8"/>
    <property name="java.library.path" value="/Users/pk/Library/Java/Extensions:/Library/Java/Extensions:/Network/Library/Java/Extensions:/System/Library/Java/Extensions:/usr/lib/java:."/>
    <property name="java.vm.info" value="mixed mode, sharing"/>
    <property name="stderr.encoding" value="UTF-8"/>
    <property name="java.vendor" value="Homebrew"/>
    <property name="java.vm.version" value="23.0.2"/>
    <property name="sun.io.unicode.encoding" value="UnicodeBig"/>
    <property name="socksNonProxyHosts" value="local|*.local|169.254/16|*.169.254/16"/>
    <property name="java.class.version" value="67.0"/>
    <property name="LOGGED_APPLICATION_NAME" value="[phosphate] "/>
  </properties>
  <testcase name="contextLoads" classname="com.pk.phosphate.PhosphateApplicationTests" time="0.363">
    <system-out><![CDATA[19:43:25.092 [main] INFO org.springframework.test.context.support.AnnotationConfigContextLoaderUtils -- Could not detect default configuration classes for test class [com.pk.phosphate.PhosphateApplicationTests]: PhosphateApplicationTests does not declare any static, non-private, non-final, nested classes annotated with @Configuration.
19:43:25.141 [main] INFO org.springframework.boot.test.context.SpringBootTestContextBootstrapper -- Found @SpringBootConfiguration com.pk.phosphate.PhosphateApplication for test class com.pk.phosphate.PhosphateApplicationTests

  .   ____          _            __ _ _
 /\\ / ___'_ __ _ _(_)_ __  __ _ \ \ \ \
( ( )\___ | '_ | '_| | '_ \/ _` | \ \ \ \
 \\/  ___)| |_)| | | | | || (_| |  ) ) ) )
  '  |____| .__|_| |_|_| |_\__, | / / / /
 =========|_|==============|___/=/_/_/_/

 :: Spring Boot ::                (v3.4.2)

2025-02-02T19:43:25.293-05:00  INFO 99154 --- [phosphate] [           main] c.p.phosphate.PhosphateApplicationTests  : Starting PhosphateApplicationTests using Java 23.0.2 with PID 99154 (started by pk in /Users/pk/code/phosphate)
2025-02-02T19:43:25.294-05:00  INFO 99154 --- [phosphate] [           main] c.p.phosphate.PhosphateApplicationTests  : No active profile set, falling back to 1 default profile: "default"
2025-02-02T19:43:26.329-05:00  INFO 99154 --- [phosphate] [           main] c.p.phosphate.PhosphateApplicationTests  : Started PhosphateApplicationTests in 1.127 seconds (process running for 1.529)
2025-02-02T19:43:26.598-05:00  INFO 99154 --- [phosphate] [           main] com.pk.phosphate.LoaderConfig            : Loading document into vector store
2025-02-02T19:43:26.851-05:00  INFO 99154 --- [phosphate] [           main] o.s.a.transformer.splitter.TextSplitter  : Splitting up document into 6 chunks.
2025-02-02T19:43:30.051-05:00  INFO 99154 --- [phosphate] [           main] com.pk.phosphate.LoaderConfig            : Documents loaded into vector store
]]></system-out>
    <system-err><![CDATA[Mockito is currently self-attaching to enable the inline-mock-maker. This will no longer work in future releases of the JDK. Please add Mockito as an agent to your build what is described in Mockito's documentation: https://javadoc.io/doc/org.mockito/mockito-core/latest/org/mockito/Mockito.html#0.3
WARNING: A Java agent has been loaded dynamically (/Users/pk/.m2/repository/net/bytebuddy/byte-buddy-agent/1.15.11/byte-buddy-agent-1.15.11.jar)
WARNING: If a serviceability tool is in use, please run with -XX:+EnableDynamicAgentLoading to hide this warning
WARNING: If a serviceability tool is not in use, please run with -Djdk.instrument.traceUsage for more information
WARNING: Dynamic loading of agents will be disallowed by default in a future release
]]></system-err>
  </testcase>
</testsuite>